[11:51 WITA] Email check executed — 2026-03-12

| ID  | FLAGS | SUBJECT                                                                    | FROM              | DATE                   |
|-----|-------|----------------------------------------------------------------------------|-------------------|------------------------|
| 229 |  *    | Re: Entschuldigung - Termin am 7. März / Neuer Vorschlag                   | Bernhard Weigand  | 2026-03-11 19:28+01:00 |
| 228 |  *    | Erste Absprache Zero-X Labs                                                | Hartmann, Mathias | 2026-03-11 09:12+00:00 |
| 227 |    R  | AW: Kollaborationsmöglichkeit – Thermische Energiesysteme & Horizon Europe | Hartmann, Mathias | 2026-03-10 19:35+00:00 |
| 226 |  *    | Zero-X Brief - March 10, 2026                                              | Julien Agent      | 2026-03-10 08:21+00:00 |
| 225 |       | EX Venture Daily Brief - March 10, 2026                                    | Julien Agent      | 2026-03-10 08:15+00:00 |
| 224 |       | Re: Zoom-Link: Meeting am 7. März um 09:00 Uhr                             | Bernhard Weigand  | 2026-03-10 06:13+01:00 |
| 223 |       | Re: Entschuldigung - Termin am 7. März / Neuer Vorschlag                   | Bernhard Weigand  | 2026-03-09 14:43+01:00 |
| 222 |       | Re: Zoom-Link: Meeting am 7. März um 09:00 Uhr                             | Bernhard Weigand  | 2026-03-06 09:14+01:00 |
| 221 |       | Bernhard Weigand ist  beigetreten Persönlicher Meetingraum                 | Zoom              | 2026-03-06 07:59+00:00 |
| 220 |    R  | Rückmeldung IWT TU Graz - Kollaborationsmöglichkeit                        | Scharler, Robert  | 2026-03-05 16:13+00:00 |
[11:51 WITA] Email check complete
[11:56 WITA] Email check executed — 2026-03-12

| ID  | FLAGS | SUBJECT                                                                    | FROM              | DATE                   |
|-----|-------|----------------------------------------------------------------------------|-------------------|------------------------|
| 229 |  *    | Re: Entschuldigung - Termin am 7. März / Neuer Vorschlag                   | Bernhard Weigand  | 2026-03-11 19:28+01:00 |
| 228 |  *    | Erste Absprache Zero-X Labs                                                | Hartmann, Mathias | 2026-03-11 09:12+00:00 |
| 227 |    R  | AW: Kollaborationsmöglichkeit – Thermische Energiesysteme & Horizon Europe | Hartmann, Mathias | 2026-03-10 19:35+00:00 |
| 226 |  *    | Zero-X Brief - March 10, 2026                                              | Julien Agent      | 2026-03-10 08:21+00:00 |
| 225 |       | EX Venture Daily Brief - March 10, 2026                                    | Julien Agent      | 2026-03-10 08:15+00:00 |
| 224 |       | Re: Zoom-Link: Meeting am 7. März um 09:00 Uhr                             | Bernhard Weigand  | 2026-03-10 06:13+01:00 |
| 223 |       | Re: Entschuldigung - Termin am 7. März / Neuer Vorschlag                   | Bernhard Weigand  | 2026-03-09 14:43+01:00 |
| 222 |       | Re: Zoom-Link: Meeting am 7. März um 09:00 Uhr                             | Bernhard Weigand  | 2026-03-06 09:14+01:00 |
| 221 |       | Bernhard Weigand ist  beigetreten Persönlicher Meetingraum                 | Zoom              | 2026-03-06 07:59+00:00 |
| 220 |    R  | Rückmeldung IWT TU Graz - Kollaborationsmöglichkeit                        | Scharler, Robert  | 2026-03-05 16:13+00:00 |
[11:56 WITA] Email check complete
[12:01 WITA] Email check executed — 2026-03-12

| ID  | FLAGS | SUBJECT                                                                    | FROM              | DATE                   |
|-----|-------|----------------------------------------------------------------------------|-------------------|------------------------|
| 229 |  *    | Re: Entschuldigung - Termin am 7. März / Neuer Vorschlag                   | Bernhard Weigand  | 2026-03-11 19:28+01:00 |
| 228 |  *    | Erste Absprache Zero-X Labs                                                | Hartmann, Mathias | 2026-03-11 09:12+00:00 |
| 227 |    R  | AW: Kollaborationsmöglichkeit – Thermische Energiesysteme & Horizon Europe | Hartmann, Mathias | 2026-03-10 19:35+00:00 |
| 226 |  *    | Zero-X Brief - March 10, 2026                                              | Julien Agent      | 2026-03-10 08:21+00:00 |
| 225 |       | EX Venture Daily Brief - March 10, 2026                                    | Julien Agent      | 2026-03-10 08:15+00:00 |
| 224 |       | Re: Zoom-Link: Meeting am 7. März um 09:00 Uhr                             | Bernhard Weigand  | 2026-03-10 06:13+01:00 |
| 223 |       | Re: Entschuldigung - Termin am 7. März / Neuer Vorschlag                   | Bernhard Weigand  | 2026-03-09 14:43+01:00 |
| 222 |       | Re: Zoom-Link: Meeting am 7. März um 09:00 Uhr                             | Bernhard Weigand  | 2026-03-06 09:14+01:00 |
| 221 |       | Bernhard Weigand ist  beigetreten Persönlicher Meetingraum                 | Zoom              | 2026-03-06 07:59+00:00 |
| 220 |    R  | Rückmeldung IWT TU Graz - Kollaborationsmöglichkeit                        | Scharler, Robert  | 2026-03-05 16:13+00:00 |
[12:01 WITA] Email check complete
[12:06 WITA] Email check executed — 2026-03-12

| ID  | FLAGS | SUBJECT                                                                    | FROM              | DATE                   |
|-----|-------|----------------------------------------------------------------------------|-------------------|------------------------|
| 229 |  *    | Re: Entschuldigung - Termin am 7. März / Neuer Vorschlag                   | Bernhard Weigand  | 2026-03-11 19:28+01:00 |
| 228 |  *    | Erste Absprache Zero-X Labs                                                | Hartmann, Mathias | 2026-03-11 09:12+00:00 |
| 227 |    R  | AW: Kollaborationsmöglichkeit – Thermische Energiesysteme & Horizon Europe | Hartmann, Mathias | 2026-03-10 19:35+00:00 |
| 226 |  *    | Zero-X Brief - March 10, 2026                                              | Julien Agent      | 2026-03-10 08:21+00:00 |
| 225 |       | EX Venture Daily Brief - March 10, 2026                                    | Julien Agent      | 2026-03-10 08:15+00:00 |
| 224 |       | Re: Zoom-Link: Meeting am 7. März um 09:00 Uhr                             | Bernhard Weigand  | 2026-03-10 06:13+01:00 |
| 223 |       | Re: Entschuldigung - Termin am 7. März / Neuer Vorschlag                   | Bernhard Weigand  | 2026-03-09 14:43+01:00 |
| 222 |       | Re: Zoom-Link: Meeting am 7. März um 09:00 Uhr                             | Bernhard Weigand  | 2026-03-06 09:14+01:00 |
| 221 |       | Bernhard Weigand ist  beigetreten Persönlicher Meetingraum                 | Zoom              | 2026-03-06 07:59+00:00 |
| 220 |    R  | Rückmeldung IWT TU Graz - Kollaborationsmöglichkeit                        | Scharler, Robert  | 2026-03-05 16:13+00:00 |
[12:06 WITA] Email check complete
[12:11 WITA] Email check executed — 2026-03-12

| ID  | FLAGS | SUBJECT                                                                    | FROM              | DATE                   |
|-----|-------|----------------------------------------------------------------------------|-------------------|------------------------|
| 229 |  *    | Re: Entschuldigung - Termin am 7. März / Neuer Vorschlag                   | Bernhard Weigand  | 2026-03-11 19:28+01:00 |
| 228 |  *    | Erste Absprache Zero-X Labs                                                | Hartmann, Mathias | 2026-03-11 09:12+00:00 |
| 227 |    R  | AW: Kollaborationsmöglichkeit – Thermische Energiesysteme & Horizon Europe | Hartmann, Mathias | 2026-03-10 19:35+00:00 |
| 226 |  *    | Zero-X Brief - March 10, 2026                                              | Julien Agent      | 2026-03-10 08:21+00:00 |
| 225 |       | EX Venture Daily Brief - March 10, 2026                                    | Julien Agent      | 2026-03-10 08:15+00:00 |
| 224 |       | Re: Zoom-Link: Meeting am 7. März um 09:00 Uhr                             | Bernhard Weigand  | 2026-03-10 06:13+01:00 |
| 223 |       | Re: Entschuldigung - Termin am 7. März / Neuer Vorschlag                   | Bernhard Weigand  | 2026-03-09 14:43+01:00 |
| 222 |       | Re: Zoom-Link: Meeting am 7. März um 09:00 Uhr                             | Bernhard Weigand  | 2026-03-06 09:14+01:00 |
| 221 |       | Bernhard Weigand ist  beigetreten Persönlicher Meetingraum                 | Zoom              | 2026-03-06 07:59+00:00 |
| 220 |    R  | Rückmeldung IWT TU Graz - Kollaborationsmöglichkeit                        | Scharler, Robert  | 2026-03-05 16:13+00:00 |
[12:11 WITA] Email check complete
[12:16 WITA] Email check executed — 2026-03-12

| ID  | FLAGS | SUBJECT                                                                    | FROM              | DATE                   |
|-----|-------|----------------------------------------------------------------------------|-------------------|------------------------|
| 229 |  *    | Re: Entschuldigung - Termin am 7. März / Neuer Vorschlag                   | Bernhard Weigand  | 2026-03-11 19:28+01:00 |
| 228 |  *    | Erste Absprache Zero-X Labs                                                | Hartmann, Mathias | 2026-03-11 09:12+00:00 |
| 227 |    R  | AW: Kollaborationsmöglichkeit – Thermische Energiesysteme & Horizon Europe | Hartmann, Mathias | 2026-03-10 19:35+00:00 |
| 226 |  *    | Zero-X Brief - March 10, 2026                                              | Julien Agent      | 2026-03-10 08:21+00:00 |
| 225 |       | EX Venture Daily Brief - March 10, 2026                                    | Julien Agent      | 2026-03-10 08:15+00:00 |
| 224 |       | Re: Zoom-Link: Meeting am 7. März um 09:00 Uhr                             | Bernhard Weigand  | 2026-03-10 06:13+01:00 |
| 223 |       | Re: Entschuldigung - Termin am 7. März / Neuer Vorschlag                   | Bernhard Weigand  | 2026-03-09 14:43+01:00 |
| 222 |       | Re: Zoom-Link: Meeting am 7. März um 09:00 Uhr                             | Bernhard Weigand  | 2026-03-06 09:14+01:00 |
| 221 |       | Bernhard Weigand ist  beigetreten Persönlicher Meetingraum                 | Zoom              | 2026-03-06 07:59+00:00 |
| 220 |    R  | Rückmeldung IWT TU Graz - Kollaborationsmöglichkeit                        | Scharler, Robert  | 2026-03-05 16:13+00:00 |
[12:16 WITA] Email check complete
[12:21 WITA] Email check executed — 2026-03-12

| ID  | FLAGS | SUBJECT                                                                    | FROM              | DATE                   |
|-----|-------|----------------------------------------------------------------------------|-------------------|------------------------|
| 229 |  *    | Re: Entschuldigung - Termin am 7. März / Neuer Vorschlag                   | Bernhard Weigand  | 2026-03-11 19:28+01:00 |
| 228 |  *    | Erste Absprache Zero-X Labs                                                | Hartmann, Mathias | 2026-03-11 09:12+00:00 |
| 227 |    R  | AW: Kollaborationsmöglichkeit – Thermische Energiesysteme & Horizon Europe | Hartmann, Mathias | 2026-03-10 19:35+00:00 |
| 226 |  *    | Zero-X Brief - March 10, 2026                                              | Julien Agent      | 2026-03-10 08:21+00:00 |
| 225 |       | EX Venture Daily Brief - March 10, 2026                                    | Julien Agent      | 2026-03-10 08:15+00:00 |
| 224 |       | Re: Zoom-Link: Meeting am 7. März um 09:00 Uhr                             | Bernhard Weigand  | 2026-03-10 06:13+01:00 |
| 223 |       | Re: Entschuldigung - Termin am 7. März / Neuer Vorschlag                   | Bernhard Weigand  | 2026-03-09 14:43+01:00 |
| 222 |       | Re: Zoom-Link: Meeting am 7. März um 09:00 Uhr                             | Bernhard Weigand  | 2026-03-06 09:14+01:00 |
| 221 |       | Bernhard Weigand ist  beigetreten Persönlicher Meetingraum                 | Zoom              | 2026-03-06 07:59+00:00 |
| 220 |    R  | Rückmeldung IWT TU Graz - Kollaborationsmöglichkeit                        | Scharler, Robert  | 2026-03-05 16:13+00:00 |
[12:21 WITA] Email check complete
